2024-11-05 03:17:14 [USER_ACTION] - 상품 상세페이지 조회 - 상품 ID: 1 / 상품 이름: 제이시 트라우저
2024-11-05 03:17:28 [USER_ACTION] - 상품 상세페이지 조회 - 상품 ID: 1 / 상품 이름: 제이시 트라우저
2024-11-05 14:34:19 [] - Starting ProductServiceApplication using Java 17.0.11 with PID 33952 (C:\ProgrammingDir\foh\product-service\build\classes\java\main started by coke0 in C:\ProgrammingDir\foh)
2024-11-05 14:34:19 [] - The following 1 profile is active: "dev"
2024-11-05 14:34:19 [] - Devtools property defaults active! Set 'spring.devtools.add-properties' to 'false' to disable
2024-11-05 14:34:19 [] - For additional web related logging consider setting the 'logging.level.web' property to 'DEBUG'
2024-11-05 14:34:20 [] - Bootstrapping Spring Data JPA repositories in DEFAULT mode.
2024-11-05 14:34:20 [] - Finished Spring Data repository scanning in 205 ms. Found 1 JPA repository interface.
2024-11-05 14:34:21 [] - BeanFactory id=8db6d65c-e386-3c45-8f81-72cef7f65f5d
2024-11-05 14:34:21 [] - Bean 'org.springframework.cloud.client.loadbalancer.LoadBalancerAutoConfiguration$DeferringLoadBalancerInterceptorConfig' of type [org.springframework.cloud.client.loadbalancer.LoadBalancerAutoConfiguration$DeferringLoadBalancerInterceptorConfig] is not eligible for getting processed by all BeanPostProcessors (for example: not eligible for auto-proxying). The currently created BeanPostProcessor [lbRestClientPostProcessor] is declared through a non-static factory method on that class; consider declaring it as static instead.
2024-11-05 14:34:21 [] - Bean 'deferringLoadBalancerInterceptor' of type [org.springframework.cloud.client.loadbalancer.DeferringLoadBalancerInterceptor] is not eligible for getting processed by all BeanPostProcessors (for example: not eligible for auto-proxying). Is this bean getting eagerly injected/applied to a currently created BeanPostProcessor [lbRestClientPostProcessor]? Check the corresponding BeanPostProcessor declaration and its dependencies/advisors. If this bean does not have to be post-processed, declare it with ROLE_INFRASTRUCTURE.
2024-11-05 14:34:22 [] - Tomcat initialized with port 8101 (http)
2024-11-05 14:34:22 [] - Initializing ProtocolHandler ["http-nio-8101"]
2024-11-05 14:34:22 [] - Starting service [Tomcat]
2024-11-05 14:34:22 [] - Starting Servlet engine: [Apache Tomcat/10.1.31]
2024-11-05 14:34:22 [] - Initializing Spring embedded WebApplicationContext
2024-11-05 14:34:22 [] - Root WebApplicationContext: initialization completed in 3045 ms
2024-11-05 14:34:22 [] - HikariPool-1 - Starting...
2024-11-05 14:34:22 [] - HikariPool-1 - Added connection conn0: url=jdbc:h2:~/product-dev user=SA
2024-11-05 14:34:22 [] - HikariPool-1 - Start completed.
2024-11-05 14:34:22 [] - H2 console available at '/h2-console'. Database available at 'jdbc:h2:~/product-dev'
2024-11-05 14:34:23 [] - HHH000204: Processing PersistenceUnitInfo [name: default]
2024-11-05 14:34:23 [] - HHH000412: Hibernate ORM core version 6.5.3.Final
2024-11-05 14:34:23 [] - HHH000026: Second-level cache disabled
2024-11-05 14:34:23 [] - No LoadTimeWeaver setup: ignoring JPA class transformer
2024-11-05 14:34:23 [] - HHH90000025: H2Dialect does not need to be specified explicitly using 'hibernate.dialect' (remove the property setting and it will be selected by default)
2024-11-05 14:34:24 [] - HHH000489: No JTA platform available (set 'hibernate.transaction.jta.platform' to enable JTA platform integration)
2024-11-05 14:34:24 [] - Initialized JPA EntityManagerFactory for persistence unit 'default'
2024-11-05 14:34:25 [] - spring.jpa.open-in-view is enabled by default. Therefore, database queries may be performed during view rendering. Explicitly configure spring.jpa.open-in-view to disable this warning
2024-11-05 14:34:27 [] - Cannot determine local hostname
2024-11-05 14:34:28 [] - Unable to start LiveReload server
2024-11-05 14:34:29 [] - Cannot determine local hostname
2024-11-05 14:34:29 [] - Eureka HTTP Client uses RestTemplate.
2024-11-05 14:34:30 [] - Spring Cloud LoadBalancer is currently working with the default cache. While this cache implementation is useful for development and tests, it's recommended to use Caffeine cache in production.You can switch to using Caffeine cache, by adding it and org.springframework.cache.caffeine.CaffeineCacheManager to the classpath.
2024-11-05 14:34:30 [] - Exposing 1 endpoint beneath base path '/actuator'
2024-11-05 14:34:30 [] - Setting initial instance status as: STARTING
2024-11-05 14:34:30 [] - Initializing Eureka in region us-east-1
2024-11-05 14:34:30 [] - Resolving eureka endpoints via configuration
2024-11-05 14:34:30 [] - Disable delta property : false
2024-11-05 14:34:30 [] - Single vip registry refresh property : null
2024-11-05 14:34:30 [] - Force full registry fetch : false
2024-11-05 14:34:30 [] - Application is null : false
2024-11-05 14:34:30 [] - Registered Applications size is zero : true
2024-11-05 14:34:30 [] - Application version is -1: true
2024-11-05 14:34:30 [] - Getting all instance registry info from the eureka server
2024-11-05 14:34:30 [] - The response status is 200
2024-11-05 14:34:30 [] - Starting heartbeat executor: renew interval is: 30
2024-11-05 14:34:30 [] - InstanceInfoReplicator onDemand update allowed rate per min is 4
2024-11-05 14:34:30 [] - Discovery Client initialized at timestamp 1730784870617 with initial instances count: 2
2024-11-05 14:34:30 [] - Registering application PRODUCT-SERVICE with eureka with status UP
2024-11-05 14:34:30 [] - Saw local status change event StatusChangeEvent [timestamp=1730784870626, current=UP, previous=STARTING]
2024-11-05 14:34:30 [] - Starting ProtocolHandler ["http-nio-8101"]
2024-11-05 14:34:30 [] - DiscoveryClient_PRODUCT-SERVICE/localhost:product-service:8101: registering service...
2024-11-05 14:34:30 [] - Tomcat started on port 8101 (http) with context path '/'
2024-11-05 14:34:30 [] - Updating port to 8101
2024-11-05 14:34:30 [] - DiscoveryClient_PRODUCT-SERVICE/localhost:product-service:8101 - registration status: 204
2024-11-05 14:34:32 [] - Cannot determine local hostname
2024-11-05 14:34:32 [] - Started ProductServiceApplication in 15.583 seconds (process running for 16.661)
2024-11-05 14:34:32 [] - Initializing Spring DispatcherServlet 'dispatcherServlet'
2024-11-05 14:34:32 [] - Initializing Servlet 'dispatcherServlet'
2024-11-05 14:34:32 [] - Completed initialization in 2 ms
2024-11-05 14:35:29 [] - Unregistering application PRODUCT-SERVICE with eureka with status DOWN
2024-11-05 14:35:29 [] - Saw local status change event StatusChangeEvent [timestamp=1730784929141, current=DOWN, previous=UP]
2024-11-05 14:35:29 [] - DiscoveryClient_PRODUCT-SERVICE/localhost:product-service:8101: registering service...
2024-11-05 14:35:29 [] - DiscoveryClient_PRODUCT-SERVICE/localhost:product-service:8101 - registration status: 204
2024-11-05 14:35:30 [] - Closing JPA EntityManagerFactory for persistence unit 'default'
2024-11-05 14:35:30 [] - HikariPool-1 - Shutdown initiated...
2024-11-05 14:35:30 [] - HikariPool-1 - Shutdown completed.
2024-11-05 14:35:30 [] - Shutting down DiscoveryClient ...
2024-11-05 14:35:33 [] - task supervisor shutting down, can't accept the task
2024-11-05 14:35:33 [] - Unregistering ...
2024-11-05 14:35:33 [] - DiscoveryClient_PRODUCT-SERVICE/localhost:product-service:8101 - deregister  status: 200
2024-11-05 14:35:33 [] - Completed shut down of DiscoveryClient
